<?xml version="1.0" encoding="UTF-8"?>
<testsuite name="plc.compiler.ParserTests" tests="1" skipped="0" failures="0" errors="0" timestamp="2020-11-16T16:48:35" hostname="AKRAM" time="0.024">
  <properties/>
  <testcase name="Definition" classname="plc.compiler.ParserTests" time="0.024"/>
  <system-out><![CDATA[]]></system-out>
  <system-err><![CDATA[]]></system-err>
</testsuite>
