<?xml version="1.0" encoding="UTF-8"?>
<testsuite name="plc.compiler.AnalyzerTests" tests="1" skipped="0" failures="0" errors="0" timestamp="2020-12-16T21:14:35" hostname="AKRAM" time="0.037">
  <properties/>
  <testcase name="Valid Condition" classname="plc.compiler.AnalyzerTests" time="0.037"/>
  <system-out><![CDATA[]]></system-out>
  <system-err><![CDATA[]]></system-err>
</testsuite>
