<?xml version="1.0" encoding="UTF-8"?>
<testsuite name="plc.compiler.ParserTests" tests="4" skipped="0" failures="0" errors="0" timestamp="2020-11-17T18:25:11" hostname="AKRAM" time="0.028">
  <properties/>
  <testcase name="Boolean Literal" classname="plc.compiler.ParserTests" time="0.023"/>
  <testcase name="Integer Literal" classname="plc.compiler.ParserTests" time="0.001"/>
  <testcase name="Decimal Literal" classname="plc.compiler.ParserTests" time="0.001"/>
  <testcase name="String Literal" classname="plc.compiler.ParserTests" time="0.001"/>
  <system-out><![CDATA[]]></system-out>
  <system-err><![CDATA[]]></system-err>
</testsuite>
