<?xml version="1.0" encoding="UTF-8"?>
<testsuite name="plc.compiler.ParserTests" tests="23" skipped="0" failures="0" errors="0" timestamp="2020-11-17T20:41:25" hostname="AKRAM" time="0.073">
  <properties/>
  <testcase name="testExample1()" classname="plc.compiler.ParserTests" time="0.015"/>
  <testcase name="Grouped Variable" classname="plc.compiler.ParserTests" time="0.013"/>
  <testcase name="Grouped Binary" classname="plc.compiler.ParserTests" time="0.0"/>
  <testcase name="Boolean Literal" classname="plc.compiler.ParserTests" time="0.001"/>
  <testcase name="Integer Literal" classname="plc.compiler.ParserTests" time="0.0"/>
  <testcase name="Decimal Literal" classname="plc.compiler.ParserTests" time="0.0"/>
  <testcase name="String Literal" classname="plc.compiler.ParserTests" time="0.0"/>
  <testcase name="While" classname="plc.compiler.ParserTests" time="0.001"/>
  <testcase name="Zero Arguments" classname="plc.compiler.ParserTests" time="0.0"/>
  <testcase name="Multiple Arguments" classname="plc.compiler.ParserTests" time="0.0"/>
  <testcase name="Complex Argument" classname="plc.compiler.ParserTests" time="0.0"/>
  <testcase name="Variable" classname="plc.compiler.ParserTests" time="0.001"/>
  <testcase name="Assignment" classname="plc.compiler.ParserTests" time="0.0"/>
  <testcase name="Definition" classname="plc.compiler.ParserTests" time="0.0"/>
  <testcase name="Initialization" classname="plc.compiler.ParserTests" time="0.0"/>
  <testcase name="Then" classname="plc.compiler.ParserTests" time="0.0"/>
  <testcase name="Else" classname="plc.compiler.ParserTests" time="0.001"/>
  <testcase name="Binary Equality" classname="plc.compiler.ParserTests" time="0.0"/>
  <testcase name="Binary Addition" classname="plc.compiler.ParserTests" time="0.0"/>
  <testcase name="Binary Multiplication" classname="plc.compiler.ParserTests" time="0.001"/>
  <testcase name="Function Expression" classname="plc.compiler.ParserTests" time="0.0"/>
  <testcase name="Zero Statements" classname="plc.compiler.ParserTests" time="0.0"/>
  <testcase name="Multiple Statements" classname="plc.compiler.ParserTests" time="0.0"/>
  <system-out><![CDATA[]]></system-out>
  <system-err><![CDATA[]]></system-err>
</testsuite>
