<?xml version="1.0" encoding="UTF-8"?>
<testsuite name="plc.compiler.GeneratorTests" tests="13" skipped="0" failures="0" errors="0" timestamp="2020-12-02T18:26:48" hostname="AKRAM" time="0.02">
  <properties/>
  <testcase name="testDeclarationSmall()" classname="plc.compiler.GeneratorTests" time="0.011"/>
  <testcase name="testStatementPrint()" classname="plc.compiler.GeneratorTests" time="0.0"/>
  <testcase name="testWhileBig()" classname="plc.compiler.GeneratorTests" time="0.001"/>
  <testcase name="testGroup()" classname="plc.compiler.GeneratorTests" time="0.001"/>
  <testcase name="testIfBig()" classname="plc.compiler.GeneratorTests" time="0.001"/>
  <testcase name="testLiteralSmall()" classname="plc.compiler.GeneratorTests" time="0.0"/>
  <testcase name="testSourcePrint()" classname="plc.compiler.GeneratorTests" time="0.001"/>
  <testcase name="testWhileSmall()" classname="plc.compiler.GeneratorTests" time="0.0"/>
  <testcase name="testIfSmall()" classname="plc.compiler.GeneratorTests" time="0.0"/>
  <testcase name="testExpression()" classname="plc.compiler.GeneratorTests" time="0.001"/>
  <testcase name="testLiteralBig()" classname="plc.compiler.GeneratorTests" time="0.0"/>
  <testcase name="testExpressionPrint()" classname="plc.compiler.GeneratorTests" time="0.0"/>
  <testcase name="testDeclarationBig()" classname="plc.compiler.GeneratorTests" time="0.0"/>
  <system-out><![CDATA[]]></system-out>
  <system-err><![CDATA[]]></system-err>
</testsuite>
